<?xml version="1.0" encoding="UTF-8"?>
<testsuite name="Cucumber" time="190.217" tests="12" skipped="0" failures="7" errors="0">
<testcase classname="Web_React_Create_Edit_And_Delete" name="Validating the creation of new training - Example #1.1" time="33.029">
<system-out><![CDATA[
Given launch the employee training url "http://10.192.190.130:3000/"........passed
When click the add training button..........................................passed
And verify the user is navigated to the add training page...................passed
And Select the project name "0".............................................passed
And enter the name of employee 7............................................passed
And enter the course "Selenium".............................................passed
And enter the name of trainer 6.............................................passed
And select the training type "0"............................................passed
And enter the start date "07232025".........................................passed
And enter the end date "07252025"...........................................passed
And select the status "0"...................................................passed
And enter the completion percentage 100.....................................passed
And click the add button....................................................passed
Then verify if the page is navigated to details page........................passed
]]></system-out>
</testcase>
<testcase classname="Web_React_Create_Edit_And_Delete" name="Validating the creation of new training - Example #1.2" time="35.909">
<system-out><![CDATA[
Given launch the employee training url "http://10.192.190.130:3000/"........passed
When click the add training button..........................................passed
And verify the user is navigated to the add training page...................passed
And Select the project name "1".............................................passed
And enter the name of employee 7............................................passed
And enter the course "Playwright"...........................................passed
And enter the name of trainer 6.............................................passed
And select the training type "1"............................................passed
And enter the start date "08152025".........................................passed
And enter the end date "08162025"...........................................passed
And select the status "1"...................................................passed
And enter the completion percentage 100.....................................passed
And click the add button....................................................passed
Then verify if the page is navigated to details page........................passed
]]></system-out>
</testcase>
<testcase classname="Web_React_Create_Edit_And_Delete" name="Validating the creation of new training - Example #1.3" time="35.401">
<system-out><![CDATA[
Given launch the employee training url "http://10.192.190.130:3000/"........passed
When click the add training button..........................................passed
And verify the user is navigated to the add training page...................passed
And Select the project name "2".............................................passed
And enter the name of employee 7............................................passed
And enter the course "Cypress"..............................................passed
And enter the name of trainer 6.............................................passed
And select the training type "2"............................................passed
And enter the start date "10032025".........................................passed
And enter the end date "10042025"...........................................passed
And select the status "2"...................................................passed
And enter the completion percentage 100.....................................passed
And click the add button....................................................passed
Then verify if the page is navigated to details page........................passed
]]></system-out>
</testcase>
<testcase classname="Web_React_Create_Edit_And_Delete" name="Validating the creation of new training - Example #1.4" time="33.068">
<system-out><![CDATA[
Given launch the employee training url "http://10.192.190.130:3000/"........passed
When click the add training button..........................................passed
And verify the user is navigated to the add training page...................passed
And Select the project name "3".............................................passed
And enter the name of employee 7............................................passed
And enter the course "CSharp"...............................................passed
And enter the name of trainer 6.............................................passed
And select the training type "3"............................................passed
And enter the start date "05172025".........................................passed
And enter the end date "05182025"...........................................passed
And select the status "1"...................................................passed
And enter the completion percentage 100.....................................passed
And click the add button....................................................passed
Then verify if the page is navigated to details page........................passed
]]></system-out>
</testcase>
<testcase classname="Web_React_Create_Edit_And_Delete" name="Validating the creation of new training - Example #1.5" time="32.562">
<system-out><![CDATA[
Given launch the employee training url "http://10.192.190.130:3000/"........passed
When click the add training button..........................................passed
And verify the user is navigated to the add training page...................passed
And Select the project name "4".............................................passed
And enter the name of employee 7............................................passed
And enter the course "Java".................................................passed
And enter the name of trainer 6.............................................passed
And select the training type "2"............................................passed
And enter the start date "11262025".........................................passed
And enter the end date "11272025"...........................................passed
And select the status "2"...................................................passed
And enter the completion percentage 100.....................................passed
And click the add button....................................................passed
Then verify if the page is navigated to details page........................passed
]]></system-out>
</testcase>
<testcase classname="Web_React_Create_Edit_And_Delete" name="Edit first record sucessfully" time="2.636">
<failure type="io.cucumber.core.exception.CucumberException" message="Failed to instantiate class stepdefinitions.ReactAppEditSteps">
<![CDATA[io.cucumber.core.exception.CucumberException: Failed to instantiate class stepdefinitions.ReactAppEditSteps
	at io.cucumber.core.backend.DefaultObjectFactory.cacheNewInstance(DefaultObjectFactory.java:67)
	at io.cucumber.core.backend.DefaultObjectFactory.getInstance(DefaultObjectFactory.java:45)
	at io.cucumber.java.AbstractGlueDefinition.invokeMethod(AbstractGlueDefinition.java:47)
	at io.cucumber.java.JavaStepDefinition.execute(JavaStepDefinition.java:29)
	at io.cucumber.core.runner.CoreStepDefinition.execute(CoreStepDefinition.java:66)
	at io.cucumber.core.runner.PickleStepDefinitionMatch.runStep(PickleStepDefinitionMatch.java:63)
	at io.cucumber.core.runner.ExecutionMode$1.execute(ExecutionMode.java:10)
	at io.cucumber.core.runner.TestStep.executeStep(TestStep.java:84)
	at io.cucumber.core.runner.TestStep.run(TestStep.java:56)
	at io.cucumber.core.runner.PickleStepTestStep.run(PickleStepTestStep.java:51)
	at io.cucumber.core.runner.TestCase.run(TestCase.java:84)
	at io.cucumber.core.runner.Runner.runPickle(Runner.java:75)
	at io.cucumber.junit.PickleRunners$NoStepDescriptions.lambda$run$0(PickleRunners.java:151)
	at io.cucumber.core.runtime.CucumberExecutionContext.lambda$runTestCase$5(CucumberExecutionContext.java:137)
	at io.cucumber.core.runtime.RethrowingThrowableCollector.executeAndThrow(RethrowingThrowableCollector.java:23)
	at io.cucumber.core.runtime.CucumberExecutionContext.runTestCase(CucumberExecutionContext.java:137)
	at io.cucumber.junit.PickleRunners$NoStepDescriptions.run(PickleRunners.java:148)
	at io.cucumber.junit.FeatureRunner.runChild(FeatureRunner.java:144)
	at io.cucumber.junit.FeatureRunner.runChild(FeatureRunner.java:28)
	at org.junit.runners.ParentRunner$4.run(ParentRunner.java:331)
	at org.junit.runners.ParentRunner$1.schedule(ParentRunner.java:79)
	at org.junit.runners.ParentRunner.runChildren(ParentRunner.java:329)
	at org.junit.runners.ParentRunner.access$100(ParentRunner.java:66)
	at org.junit.runners.ParentRunner$2.evaluate(ParentRunner.java:293)
	at org.junit.runners.ParentRunner$3.evaluate(ParentRunner.java:306)
	at org.junit.runners.ParentRunner.run(ParentRunner.java:413)
	at io.cucumber.junit.FeatureRunner.run(FeatureRunner.java:137)
	at io.cucumber.junit.Cucumber.runChild(Cucumber.java:196)
	at io.cucumber.junit.Cucumber.runChild(Cucumber.java:89)
	at org.junit.runners.ParentRunner$4.run(ParentRunner.java:331)
	at org.junit.runners.ParentRunner$1.schedule(ParentRunner.java:79)
	at org.junit.runners.ParentRunner.runChildren(ParentRunner.java:329)
	at org.junit.runners.ParentRunner.access$100(ParentRunner.java:66)
	at org.junit.runners.ParentRunner$2.evaluate(ParentRunner.java:293)
	at io.cucumber.core.runtime.CucumberExecutionContext.lambda$runFeatures$6(CucumberExecutionContext.java:148)
	at io.cucumber.core.runtime.CucumberExecutionContext.execute(CucumberExecutionContext.java:163)
	at io.cucumber.core.runtime.CucumberExecutionContext.runFeatures(CucumberExecutionContext.java:146)
	at io.cucumber.junit.Cucumber$StartAndFinishTestRun.evaluate(Cucumber.java:226)
	at org.junit.runners.ParentRunner$3.evaluate(ParentRunner.java:306)
	at org.junit.runners.ParentRunner.run(ParentRunner.java:413)
	at org.eclipse.jdt.internal.junit4.runner.JUnit4TestReference.run(JUnit4TestReference.java:93)
	at org.eclipse.jdt.internal.junit.runner.TestExecution.run(TestExecution.java:40)
	at org.eclipse.jdt.internal.junit.runner.RemoteTestRunner.runTests(RemoteTestRunner.java:520)
	at org.eclipse.jdt.internal.junit.runner.RemoteTestRunner.runTests(RemoteTestRunner.java:748)
	at org.eclipse.jdt.internal.junit.runner.RemoteTestRunner.run(RemoteTestRunner.java:443)
	at org.eclipse.jdt.internal.junit.runner.RemoteTestRunner.main(RemoteTestRunner.java:211)
Caused by: java.lang.reflect.InvocationTargetException
	at java.base/jdk.internal.reflect.DirectConstructorHandleAccessor.newInstance(DirectConstructorHandleAccessor.java:74)
	at java.base/java.lang.reflect.Constructor.newInstanceWithCaller(Constructor.java:499)
	at java.base/java.lang.reflect.Constructor.newInstance(Constructor.java:483)
	at io.cucumber.core.backend.DefaultObjectFactory.cacheNewInstance(DefaultObjectFactory.java:53)
	... 45 more
Caused by: java.lang.Error: Unresolved compilation problems: 
	The import pages.ReactAppEdit cannot be resolved
	ReactAppEdit cannot be resolved to a type
	ReactAppEdit cannot be resolved to a type
	ReactAppEdit cannot be resolved to a type
	ReactAppEdit cannot be resolved to a type
	ReactAppEdit cannot be resolved to a type
	ReactAppEdit cannot be resolved to a type
	ReactAppEdit cannot be resolved to a type
	ReactAppEdit cannot be resolved to a type
	ReactAppEdit cannot be resolved to a type
	ReactAppEdit cannot be resolved to a type
	ReactAppEdit cannot be resolved to a type
	ReactAppEdit cannot be resolved to a type
	ReactAppEdit cannot be resolved to a type
	ReactAppEdit cannot be resolved to a type
	ReactAppEdit cannot be resolved to a type
	ReactAppEdit cannot be resolved to a type
	ReactAppEdit cannot be resolved to a type
	ReactAppEdit cannot be resolved to a type

	at stepdefinitions.ReactAppEditSteps.<init>(ReactAppEditSteps.java:9)
	at java.base/jdk.internal.reflect.DirectConstructorHandleAccessor.newInstance(DirectConstructorHandleAccessor.java:62)
	... 48 more
]]>
</failure>
<system-out><![CDATA[
Given user in on react app page.............................................failed
When user click on training summary.........................................skipped
Then verify user is on training records projectName, EmployeeName...........skipped
Then click edit on frist record.............................................skipped
And verify user is on edit training.........................................skipped
Then I change the employeename to "Arun" and the course to "Automation".....skipped
Then click on update button.................................................skipped
]]></system-out>
</testcase>
<testcase classname="Web_React_Create_Edit_And_Delete" name="Search course edit employee name first record" time="2.594">
<failure type="io.cucumber.core.exception.CucumberException" message="Failed to instantiate class stepdefinitions.ReactAppEditSteps">
<![CDATA[io.cucumber.core.exception.CucumberException: Failed to instantiate class stepdefinitions.ReactAppEditSteps
	at io.cucumber.core.backend.DefaultObjectFactory.cacheNewInstance(DefaultObjectFactory.java:67)
	at io.cucumber.core.backend.DefaultObjectFactory.getInstance(DefaultObjectFactory.java:45)
	at io.cucumber.java.AbstractGlueDefinition.invokeMethod(AbstractGlueDefinition.java:47)
	at io.cucumber.java.JavaStepDefinition.execute(JavaStepDefinition.java:29)
	at io.cucumber.core.runner.CoreStepDefinition.execute(CoreStepDefinition.java:66)
	at io.cucumber.core.runner.PickleStepDefinitionMatch.runStep(PickleStepDefinitionMatch.java:63)
	at io.cucumber.core.runner.ExecutionMode$1.execute(ExecutionMode.java:10)
	at io.cucumber.core.runner.TestStep.executeStep(TestStep.java:84)
	at io.cucumber.core.runner.TestStep.run(TestStep.java:56)
	at io.cucumber.core.runner.PickleStepTestStep.run(PickleStepTestStep.java:51)
	at io.cucumber.core.runner.TestCase.run(TestCase.java:84)
	at io.cucumber.core.runner.Runner.runPickle(Runner.java:75)
	at io.cucumber.junit.PickleRunners$NoStepDescriptions.lambda$run$0(PickleRunners.java:151)
	at io.cucumber.core.runtime.CucumberExecutionContext.lambda$runTestCase$5(CucumberExecutionContext.java:137)
	at io.cucumber.core.runtime.RethrowingThrowableCollector.executeAndThrow(RethrowingThrowableCollector.java:23)
	at io.cucumber.core.runtime.CucumberExecutionContext.runTestCase(CucumberExecutionContext.java:137)
	at io.cucumber.junit.PickleRunners$NoStepDescriptions.run(PickleRunners.java:148)
	at io.cucumber.junit.FeatureRunner.runChild(FeatureRunner.java:144)
	at io.cucumber.junit.FeatureRunner.runChild(FeatureRunner.java:28)
	at org.junit.runners.ParentRunner$4.run(ParentRunner.java:331)
	at org.junit.runners.ParentRunner$1.schedule(ParentRunner.java:79)
	at org.junit.runners.ParentRunner.runChildren(ParentRunner.java:329)
	at org.junit.runners.ParentRunner.access$100(ParentRunner.java:66)
	at org.junit.runners.ParentRunner$2.evaluate(ParentRunner.java:293)
	at org.junit.runners.ParentRunner$3.evaluate(ParentRunner.java:306)
	at org.junit.runners.ParentRunner.run(ParentRunner.java:413)
	at io.cucumber.junit.FeatureRunner.run(FeatureRunner.java:137)
	at io.cucumber.junit.Cucumber.runChild(Cucumber.java:196)
	at io.cucumber.junit.Cucumber.runChild(Cucumber.java:89)
	at org.junit.runners.ParentRunner$4.run(ParentRunner.java:331)
	at org.junit.runners.ParentRunner$1.schedule(ParentRunner.java:79)
	at org.junit.runners.ParentRunner.runChildren(ParentRunner.java:329)
	at org.junit.runners.ParentRunner.access$100(ParentRunner.java:66)
	at org.junit.runners.ParentRunner$2.evaluate(ParentRunner.java:293)
	at io.cucumber.core.runtime.CucumberExecutionContext.lambda$runFeatures$6(CucumberExecutionContext.java:148)
	at io.cucumber.core.runtime.CucumberExecutionContext.execute(CucumberExecutionContext.java:163)
	at io.cucumber.core.runtime.CucumberExecutionContext.runFeatures(CucumberExecutionContext.java:146)
	at io.cucumber.junit.Cucumber$StartAndFinishTestRun.evaluate(Cucumber.java:226)
	at org.junit.runners.ParentRunner$3.evaluate(ParentRunner.java:306)
	at org.junit.runners.ParentRunner.run(ParentRunner.java:413)
	at org.eclipse.jdt.internal.junit4.runner.JUnit4TestReference.run(JUnit4TestReference.java:93)
	at org.eclipse.jdt.internal.junit.runner.TestExecution.run(TestExecution.java:40)
	at org.eclipse.jdt.internal.junit.runner.RemoteTestRunner.runTests(RemoteTestRunner.java:520)
	at org.eclipse.jdt.internal.junit.runner.RemoteTestRunner.runTests(RemoteTestRunner.java:748)
	at org.eclipse.jdt.internal.junit.runner.RemoteTestRunner.run(RemoteTestRunner.java:443)
	at org.eclipse.jdt.internal.junit.runner.RemoteTestRunner.main(RemoteTestRunner.java:211)
Caused by: java.lang.reflect.InvocationTargetException
	at java.base/jdk.internal.reflect.DirectConstructorHandleAccessor.newInstance(DirectConstructorHandleAccessor.java:74)
	at java.base/java.lang.reflect.Constructor.newInstanceWithCaller(Constructor.java:499)
	at java.base/java.lang.reflect.Constructor.newInstance(Constructor.java:483)
	at io.cucumber.core.backend.DefaultObjectFactory.cacheNewInstance(DefaultObjectFactory.java:53)
	... 45 more
Caused by: java.lang.Error: Unresolved compilation problems: 
	The import pages.ReactAppEdit cannot be resolved
	ReactAppEdit cannot be resolved to a type
	ReactAppEdit cannot be resolved to a type
	ReactAppEdit cannot be resolved to a type
	ReactAppEdit cannot be resolved to a type
	ReactAppEdit cannot be resolved to a type
	ReactAppEdit cannot be resolved to a type
	ReactAppEdit cannot be resolved to a type
	ReactAppEdit cannot be resolved to a type
	ReactAppEdit cannot be resolved to a type
	ReactAppEdit cannot be resolved to a type
	ReactAppEdit cannot be resolved to a type
	ReactAppEdit cannot be resolved to a type
	ReactAppEdit cannot be resolved to a type
	ReactAppEdit cannot be resolved to a type
	ReactAppEdit cannot be resolved to a type
	ReactAppEdit cannot be resolved to a type
	ReactAppEdit cannot be resolved to a type
	ReactAppEdit cannot be resolved to a type

	at stepdefinitions.ReactAppEditSteps.<init>(ReactAppEditSteps.java:9)
	at java.base/jdk.internal.reflect.DirectConstructorHandleAccessor.newInstance(DirectConstructorHandleAccessor.java:62)
	... 48 more
]]>
</failure>
<system-out><![CDATA[
Given user in on react app page.............................................failed
When user click on training summary.........................................skipped
Then verify user is on training records projectName, EmployeeName...........skipped
Then search for course "Auto"...............................................skipped
Then click edit on frist record.............................................skipped
And verify user is on edit training.........................................skipped
Then I change the employeename to "Karthik".................................skipped
Then click on update button.................................................skipped
]]></system-out>
</testcase>
<testcase classname="Web_React_Create_Edit_And_Delete" name="Search employeename and course delete first record" time="3.399">
<failure type="io.cucumber.core.exception.CucumberException" message="Failed to instantiate class stepdefinitions.ReactAppEditSteps">
<![CDATA[io.cucumber.core.exception.CucumberException: Failed to instantiate class stepdefinitions.ReactAppEditSteps
	at io.cucumber.core.backend.DefaultObjectFactory.cacheNewInstance(DefaultObjectFactory.java:67)
	at io.cucumber.core.backend.DefaultObjectFactory.getInstance(DefaultObjectFactory.java:45)
	at io.cucumber.java.AbstractGlueDefinition.invokeMethod(AbstractGlueDefinition.java:47)
	at io.cucumber.java.JavaStepDefinition.execute(JavaStepDefinition.java:29)
	at io.cucumber.core.runner.CoreStepDefinition.execute(CoreStepDefinition.java:66)
	at io.cucumber.core.runner.PickleStepDefinitionMatch.runStep(PickleStepDefinitionMatch.java:63)
	at io.cucumber.core.runner.ExecutionMode$1.execute(ExecutionMode.java:10)
	at io.cucumber.core.runner.TestStep.executeStep(TestStep.java:84)
	at io.cucumber.core.runner.TestStep.run(TestStep.java:56)
	at io.cucumber.core.runner.PickleStepTestStep.run(PickleStepTestStep.java:51)
	at io.cucumber.core.runner.TestCase.run(TestCase.java:84)
	at io.cucumber.core.runner.Runner.runPickle(Runner.java:75)
	at io.cucumber.junit.PickleRunners$NoStepDescriptions.lambda$run$0(PickleRunners.java:151)
	at io.cucumber.core.runtime.CucumberExecutionContext.lambda$runTestCase$5(CucumberExecutionContext.java:137)
	at io.cucumber.core.runtime.RethrowingThrowableCollector.executeAndThrow(RethrowingThrowableCollector.java:23)
	at io.cucumber.core.runtime.CucumberExecutionContext.runTestCase(CucumberExecutionContext.java:137)
	at io.cucumber.junit.PickleRunners$NoStepDescriptions.run(PickleRunners.java:148)
	at io.cucumber.junit.FeatureRunner.runChild(FeatureRunner.java:144)
	at io.cucumber.junit.FeatureRunner.runChild(FeatureRunner.java:28)
	at org.junit.runners.ParentRunner$4.run(ParentRunner.java:331)
	at org.junit.runners.ParentRunner$1.schedule(ParentRunner.java:79)
	at org.junit.runners.ParentRunner.runChildren(ParentRunner.java:329)
	at org.junit.runners.ParentRunner.access$100(ParentRunner.java:66)
	at org.junit.runners.ParentRunner$2.evaluate(ParentRunner.java:293)
	at org.junit.runners.ParentRunner$3.evaluate(ParentRunner.java:306)
	at org.junit.runners.ParentRunner.run(ParentRunner.java:413)
	at io.cucumber.junit.FeatureRunner.run(FeatureRunner.java:137)
	at io.cucumber.junit.Cucumber.runChild(Cucumber.java:196)
	at io.cucumber.junit.Cucumber.runChild(Cucumber.java:89)
	at org.junit.runners.ParentRunner$4.run(ParentRunner.java:331)
	at org.junit.runners.ParentRunner$1.schedule(ParentRunner.java:79)
	at org.junit.runners.ParentRunner.runChildren(ParentRunner.java:329)
	at org.junit.runners.ParentRunner.access$100(ParentRunner.java:66)
	at org.junit.runners.ParentRunner$2.evaluate(ParentRunner.java:293)
	at io.cucumber.core.runtime.CucumberExecutionContext.lambda$runFeatures$6(CucumberExecutionContext.java:148)
	at io.cucumber.core.runtime.CucumberExecutionContext.execute(CucumberExecutionContext.java:163)
	at io.cucumber.core.runtime.CucumberExecutionContext.runFeatures(CucumberExecutionContext.java:146)
	at io.cucumber.junit.Cucumber$StartAndFinishTestRun.evaluate(Cucumber.java:226)
	at org.junit.runners.ParentRunner$3.evaluate(ParentRunner.java:306)
	at org.junit.runners.ParentRunner.run(ParentRunner.java:413)
	at org.eclipse.jdt.internal.junit4.runner.JUnit4TestReference.run(JUnit4TestReference.java:93)
	at org.eclipse.jdt.internal.junit.runner.TestExecution.run(TestExecution.java:40)
	at org.eclipse.jdt.internal.junit.runner.RemoteTestRunner.runTests(RemoteTestRunner.java:520)
	at org.eclipse.jdt.internal.junit.runner.RemoteTestRunner.runTests(RemoteTestRunner.java:748)
	at org.eclipse.jdt.internal.junit.runner.RemoteTestRunner.run(RemoteTestRunner.java:443)
	at org.eclipse.jdt.internal.junit.runner.RemoteTestRunner.main(RemoteTestRunner.java:211)
Caused by: java.lang.reflect.InvocationTargetException
	at java.base/jdk.internal.reflect.DirectConstructorHandleAccessor.newInstance(DirectConstructorHandleAccessor.java:74)
	at java.base/java.lang.reflect.Constructor.newInstanceWithCaller(Constructor.java:499)
	at java.base/java.lang.reflect.Constructor.newInstance(Constructor.java:483)
	at io.cucumber.core.backend.DefaultObjectFactory.cacheNewInstance(DefaultObjectFactory.java:53)
	... 45 more
Caused by: java.lang.Error: Unresolved compilation problems: 
	The import pages.ReactAppEdit cannot be resolved
	ReactAppEdit cannot be resolved to a type
	ReactAppEdit cannot be resolved to a type
	ReactAppEdit cannot be resolved to a type
	ReactAppEdit cannot be resolved to a type
	ReactAppEdit cannot be resolved to a type
	ReactAppEdit cannot be resolved to a type
	ReactAppEdit cannot be resolved to a type
	ReactAppEdit cannot be resolved to a type
	ReactAppEdit cannot be resolved to a type
	ReactAppEdit cannot be resolved to a type
	ReactAppEdit cannot be resolved to a type
	ReactAppEdit cannot be resolved to a type
	ReactAppEdit cannot be resolved to a type
	ReactAppEdit cannot be resolved to a type
	ReactAppEdit cannot be resolved to a type
	ReactAppEdit cannot be resolved to a type
	ReactAppEdit cannot be resolved to a type
	ReactAppEdit cannot be resolved to a type

	at stepdefinitions.ReactAppEditSteps.<init>(ReactAppEditSteps.java:9)
	at java.base/jdk.internal.reflect.DirectConstructorHandleAccessor.newInstance(DirectConstructorHandleAccessor.java:62)
	... 48 more
]]>
</failure>
<system-out><![CDATA[
Given user in on react app page.............................................failed
When user click on training summary.........................................skipped
Then verify user is on training records projectName, EmployeeName...........skipped
Then search for employeename "karthik"......................................skipped
Then search for course "Automation".........................................skipped
Then click delete on frist record...........................................skipped
]]></system-out>
</testcase>
<testcase classname="Web_React_Create_Edit_And_Delete" name="Search course and delete all records - Example #1.1" time="2.319">
<failure type="io.cucumber.core.exception.CucumberException" message="Failed to instantiate class stepdefinitions.ReactAppEditSteps">
<![CDATA[io.cucumber.core.exception.CucumberException: Failed to instantiate class stepdefinitions.ReactAppEditSteps
	at io.cucumber.core.backend.DefaultObjectFactory.cacheNewInstance(DefaultObjectFactory.java:67)
	at io.cucumber.core.backend.DefaultObjectFactory.getInstance(DefaultObjectFactory.java:45)
	at io.cucumber.java.AbstractGlueDefinition.invokeMethod(AbstractGlueDefinition.java:47)
	at io.cucumber.java.JavaStepDefinition.execute(JavaStepDefinition.java:29)
	at io.cucumber.core.runner.CoreStepDefinition.execute(CoreStepDefinition.java:66)
	at io.cucumber.core.runner.PickleStepDefinitionMatch.runStep(PickleStepDefinitionMatch.java:63)
	at io.cucumber.core.runner.ExecutionMode$1.execute(ExecutionMode.java:10)
	at io.cucumber.core.runner.TestStep.executeStep(TestStep.java:84)
	at io.cucumber.core.runner.TestStep.run(TestStep.java:56)
	at io.cucumber.core.runner.PickleStepTestStep.run(PickleStepTestStep.java:51)
	at io.cucumber.core.runner.TestCase.run(TestCase.java:84)
	at io.cucumber.core.runner.Runner.runPickle(Runner.java:75)
	at io.cucumber.junit.PickleRunners$NoStepDescriptions.lambda$run$0(PickleRunners.java:151)
	at io.cucumber.core.runtime.CucumberExecutionContext.lambda$runTestCase$5(CucumberExecutionContext.java:137)
	at io.cucumber.core.runtime.RethrowingThrowableCollector.executeAndThrow(RethrowingThrowableCollector.java:23)
	at io.cucumber.core.runtime.CucumberExecutionContext.runTestCase(CucumberExecutionContext.java:137)
	at io.cucumber.junit.PickleRunners$NoStepDescriptions.run(PickleRunners.java:148)
	at io.cucumber.junit.FeatureRunner.runChild(FeatureRunner.java:144)
	at io.cucumber.junit.FeatureRunner.runChild(FeatureRunner.java:28)
	at org.junit.runners.ParentRunner$4.run(ParentRunner.java:331)
	at org.junit.runners.ParentRunner$1.schedule(ParentRunner.java:79)
	at org.junit.runners.ParentRunner.runChildren(ParentRunner.java:329)
	at org.junit.runners.ParentRunner.access$100(ParentRunner.java:66)
	at org.junit.runners.ParentRunner$2.evaluate(ParentRunner.java:293)
	at org.junit.runners.ParentRunner$3.evaluate(ParentRunner.java:306)
	at org.junit.runners.ParentRunner.run(ParentRunner.java:413)
	at io.cucumber.junit.FeatureRunner.run(FeatureRunner.java:137)
	at io.cucumber.junit.Cucumber.runChild(Cucumber.java:196)
	at io.cucumber.junit.Cucumber.runChild(Cucumber.java:89)
	at org.junit.runners.ParentRunner$4.run(ParentRunner.java:331)
	at org.junit.runners.ParentRunner$1.schedule(ParentRunner.java:79)
	at org.junit.runners.ParentRunner.runChildren(ParentRunner.java:329)
	at org.junit.runners.ParentRunner.access$100(ParentRunner.java:66)
	at org.junit.runners.ParentRunner$2.evaluate(ParentRunner.java:293)
	at io.cucumber.core.runtime.CucumberExecutionContext.lambda$runFeatures$6(CucumberExecutionContext.java:148)
	at io.cucumber.core.runtime.CucumberExecutionContext.execute(CucumberExecutionContext.java:163)
	at io.cucumber.core.runtime.CucumberExecutionContext.runFeatures(CucumberExecutionContext.java:146)
	at io.cucumber.junit.Cucumber$StartAndFinishTestRun.evaluate(Cucumber.java:226)
	at org.junit.runners.ParentRunner$3.evaluate(ParentRunner.java:306)
	at org.junit.runners.ParentRunner.run(ParentRunner.java:413)
	at org.eclipse.jdt.internal.junit4.runner.JUnit4TestReference.run(JUnit4TestReference.java:93)
	at org.eclipse.jdt.internal.junit.runner.TestExecution.run(TestExecution.java:40)
	at org.eclipse.jdt.internal.junit.runner.RemoteTestRunner.runTests(RemoteTestRunner.java:520)
	at org.eclipse.jdt.internal.junit.runner.RemoteTestRunner.runTests(RemoteTestRunner.java:748)
	at org.eclipse.jdt.internal.junit.runner.RemoteTestRunner.run(RemoteTestRunner.java:443)
	at org.eclipse.jdt.internal.junit.runner.RemoteTestRunner.main(RemoteTestRunner.java:211)
Caused by: java.lang.reflect.InvocationTargetException
	at java.base/jdk.internal.reflect.DirectConstructorHandleAccessor.newInstance(DirectConstructorHandleAccessor.java:74)
	at java.base/java.lang.reflect.Constructor.newInstanceWithCaller(Constructor.java:499)
	at java.base/java.lang.reflect.Constructor.newInstance(Constructor.java:483)
	at io.cucumber.core.backend.DefaultObjectFactory.cacheNewInstance(DefaultObjectFactory.java:53)
	... 45 more
Caused by: java.lang.Error: Unresolved compilation problems: 
	The import pages.ReactAppEdit cannot be resolved
	ReactAppEdit cannot be resolved to a type
	ReactAppEdit cannot be resolved to a type
	ReactAppEdit cannot be resolved to a type
	ReactAppEdit cannot be resolved to a type
	ReactAppEdit cannot be resolved to a type
	ReactAppEdit cannot be resolved to a type
	ReactAppEdit cannot be resolved to a type
	ReactAppEdit cannot be resolved to a type
	ReactAppEdit cannot be resolved to a type
	ReactAppEdit cannot be resolved to a type
	ReactAppEdit cannot be resolved to a type
	ReactAppEdit cannot be resolved to a type
	ReactAppEdit cannot be resolved to a type
	ReactAppEdit cannot be resolved to a type
	ReactAppEdit cannot be resolved to a type
	ReactAppEdit cannot be resolved to a type
	ReactAppEdit cannot be resolved to a type
	ReactAppEdit cannot be resolved to a type

	at stepdefinitions.ReactAppEditSteps.<init>(ReactAppEditSteps.java:9)
	at java.base/jdk.internal.reflect.DirectConstructorHandleAccessor.newInstance(DirectConstructorHandleAccessor.java:62)
	... 48 more
]]>
</failure>
<system-out><![CDATA[
Given user in on react app page.............................................failed
When user click on training summary.........................................skipped
Then verify user is on training records projectName, EmployeeName...........skipped
Then search for course "Selenium"...........................................skipped
Then delete all records of "Selenium" course................................skipped
]]></system-out>
</testcase>
<testcase classname="Web_React_Create_Edit_And_Delete" name="Search course and delete all records - Example #2.1" time="2.846">
<failure type="io.cucumber.core.exception.CucumberException" message="Failed to instantiate class stepdefinitions.ReactAppEditSteps">
<![CDATA[io.cucumber.core.exception.CucumberException: Failed to instantiate class stepdefinitions.ReactAppEditSteps
	at io.cucumber.core.backend.DefaultObjectFactory.cacheNewInstance(DefaultObjectFactory.java:67)
	at io.cucumber.core.backend.DefaultObjectFactory.getInstance(DefaultObjectFactory.java:45)
	at io.cucumber.java.AbstractGlueDefinition.invokeMethod(AbstractGlueDefinition.java:47)
	at io.cucumber.java.JavaStepDefinition.execute(JavaStepDefinition.java:29)
	at io.cucumber.core.runner.CoreStepDefinition.execute(CoreStepDefinition.java:66)
	at io.cucumber.core.runner.PickleStepDefinitionMatch.runStep(PickleStepDefinitionMatch.java:63)
	at io.cucumber.core.runner.ExecutionMode$1.execute(ExecutionMode.java:10)
	at io.cucumber.core.runner.TestStep.executeStep(TestStep.java:84)
	at io.cucumber.core.runner.TestStep.run(TestStep.java:56)
	at io.cucumber.core.runner.PickleStepTestStep.run(PickleStepTestStep.java:51)
	at io.cucumber.core.runner.TestCase.run(TestCase.java:84)
	at io.cucumber.core.runner.Runner.runPickle(Runner.java:75)
	at io.cucumber.junit.PickleRunners$NoStepDescriptions.lambda$run$0(PickleRunners.java:151)
	at io.cucumber.core.runtime.CucumberExecutionContext.lambda$runTestCase$5(CucumberExecutionContext.java:137)
	at io.cucumber.core.runtime.RethrowingThrowableCollector.executeAndThrow(RethrowingThrowableCollector.java:23)
	at io.cucumber.core.runtime.CucumberExecutionContext.runTestCase(CucumberExecutionContext.java:137)
	at io.cucumber.junit.PickleRunners$NoStepDescriptions.run(PickleRunners.java:148)
	at io.cucumber.junit.FeatureRunner.runChild(FeatureRunner.java:144)
	at io.cucumber.junit.FeatureRunner.runChild(FeatureRunner.java:28)
	at org.junit.runners.ParentRunner$4.run(ParentRunner.java:331)
	at org.junit.runners.ParentRunner$1.schedule(ParentRunner.java:79)
	at org.junit.runners.ParentRunner.runChildren(ParentRunner.java:329)
	at org.junit.runners.ParentRunner.access$100(ParentRunner.java:66)
	at org.junit.runners.ParentRunner$2.evaluate(ParentRunner.java:293)
	at org.junit.runners.ParentRunner$3.evaluate(ParentRunner.java:306)
	at org.junit.runners.ParentRunner.run(ParentRunner.java:413)
	at io.cucumber.junit.FeatureRunner.run(FeatureRunner.java:137)
	at io.cucumber.junit.Cucumber.runChild(Cucumber.java:196)
	at io.cucumber.junit.Cucumber.runChild(Cucumber.java:89)
	at org.junit.runners.ParentRunner$4.run(ParentRunner.java:331)
	at org.junit.runners.ParentRunner$1.schedule(ParentRunner.java:79)
	at org.junit.runners.ParentRunner.runChildren(ParentRunner.java:329)
	at org.junit.runners.ParentRunner.access$100(ParentRunner.java:66)
	at org.junit.runners.ParentRunner$2.evaluate(ParentRunner.java:293)
	at io.cucumber.core.runtime.CucumberExecutionContext.lambda$runFeatures$6(CucumberExecutionContext.java:148)
	at io.cucumber.core.runtime.CucumberExecutionContext.execute(CucumberExecutionContext.java:163)
	at io.cucumber.core.runtime.CucumberExecutionContext.runFeatures(CucumberExecutionContext.java:146)
	at io.cucumber.junit.Cucumber$StartAndFinishTestRun.evaluate(Cucumber.java:226)
	at org.junit.runners.ParentRunner$3.evaluate(ParentRunner.java:306)
	at org.junit.runners.ParentRunner.run(ParentRunner.java:413)
	at org.eclipse.jdt.internal.junit4.runner.JUnit4TestReference.run(JUnit4TestReference.java:93)
	at org.eclipse.jdt.internal.junit.runner.TestExecution.run(TestExecution.java:40)
	at org.eclipse.jdt.internal.junit.runner.RemoteTestRunner.runTests(RemoteTestRunner.java:520)
	at org.eclipse.jdt.internal.junit.runner.RemoteTestRunner.runTests(RemoteTestRunner.java:748)
	at org.eclipse.jdt.internal.junit.runner.RemoteTestRunner.run(RemoteTestRunner.java:443)
	at org.eclipse.jdt.internal.junit.runner.RemoteTestRunner.main(RemoteTestRunner.java:211)
Caused by: java.lang.reflect.InvocationTargetException
	at java.base/jdk.internal.reflect.DirectConstructorHandleAccessor.newInstance(DirectConstructorHandleAccessor.java:74)
	at java.base/java.lang.reflect.Constructor.newInstanceWithCaller(Constructor.java:499)
	at java.base/java.lang.reflect.Constructor.newInstance(Constructor.java:483)
	at io.cucumber.core.backend.DefaultObjectFactory.cacheNewInstance(DefaultObjectFactory.java:53)
	... 45 more
Caused by: java.lang.Error: Unresolved compilation problems: 
	The import pages.ReactAppEdit cannot be resolved
	ReactAppEdit cannot be resolved to a type
	ReactAppEdit cannot be resolved to a type
	ReactAppEdit cannot be resolved to a type
	ReactAppEdit cannot be resolved to a type
	ReactAppEdit cannot be resolved to a type
	ReactAppEdit cannot be resolved to a type
	ReactAppEdit cannot be resolved to a type
	ReactAppEdit cannot be resolved to a type
	ReactAppEdit cannot be resolved to a type
	ReactAppEdit cannot be resolved to a type
	ReactAppEdit cannot be resolved to a type
	ReactAppEdit cannot be resolved to a type
	ReactAppEdit cannot be resolved to a type
	ReactAppEdit cannot be resolved to a type
	ReactAppEdit cannot be resolved to a type
	ReactAppEdit cannot be resolved to a type
	ReactAppEdit cannot be resolved to a type
	ReactAppEdit cannot be resolved to a type

	at stepdefinitions.ReactAppEditSteps.<init>(ReactAppEditSteps.java:9)
	at java.base/jdk.internal.reflect.DirectConstructorHandleAccessor.newInstance(DirectConstructorHandleAccessor.java:62)
	... 48 more
]]>
</failure>
<system-out><![CDATA[
Given user in on react app page.............................................failed
When user click on training summary.........................................skipped
Then verify user is on training records projectName, EmployeeName...........skipped
Then search for course "CSharp".............................................skipped
Then delete all records of "CSharp" course..................................skipped
]]></system-out>
</testcase>
<testcase classname="Web_React_Create_Edit_And_Delete" name="Search course and delete all records - Example #2.2" time="2.956">
<failure type="io.cucumber.core.exception.CucumberException" message="Failed to instantiate class stepdefinitions.ReactAppEditSteps">
<![CDATA[io.cucumber.core.exception.CucumberException: Failed to instantiate class stepdefinitions.ReactAppEditSteps
	at io.cucumber.core.backend.DefaultObjectFactory.cacheNewInstance(DefaultObjectFactory.java:67)
	at io.cucumber.core.backend.DefaultObjectFactory.getInstance(DefaultObjectFactory.java:45)
	at io.cucumber.java.AbstractGlueDefinition.invokeMethod(AbstractGlueDefinition.java:47)
	at io.cucumber.java.JavaStepDefinition.execute(JavaStepDefinition.java:29)
	at io.cucumber.core.runner.CoreStepDefinition.execute(CoreStepDefinition.java:66)
	at io.cucumber.core.runner.PickleStepDefinitionMatch.runStep(PickleStepDefinitionMatch.java:63)
	at io.cucumber.core.runner.ExecutionMode$1.execute(ExecutionMode.java:10)
	at io.cucumber.core.runner.TestStep.executeStep(TestStep.java:84)
	at io.cucumber.core.runner.TestStep.run(TestStep.java:56)
	at io.cucumber.core.runner.PickleStepTestStep.run(PickleStepTestStep.java:51)
	at io.cucumber.core.runner.TestCase.run(TestCase.java:84)
	at io.cucumber.core.runner.Runner.runPickle(Runner.java:75)
	at io.cucumber.junit.PickleRunners$NoStepDescriptions.lambda$run$0(PickleRunners.java:151)
	at io.cucumber.core.runtime.CucumberExecutionContext.lambda$runTestCase$5(CucumberExecutionContext.java:137)
	at io.cucumber.core.runtime.RethrowingThrowableCollector.executeAndThrow(RethrowingThrowableCollector.java:23)
	at io.cucumber.core.runtime.CucumberExecutionContext.runTestCase(CucumberExecutionContext.java:137)
	at io.cucumber.junit.PickleRunners$NoStepDescriptions.run(PickleRunners.java:148)
	at io.cucumber.junit.FeatureRunner.runChild(FeatureRunner.java:144)
	at io.cucumber.junit.FeatureRunner.runChild(FeatureRunner.java:28)
	at org.junit.runners.ParentRunner$4.run(ParentRunner.java:331)
	at org.junit.runners.ParentRunner$1.schedule(ParentRunner.java:79)
	at org.junit.runners.ParentRunner.runChildren(ParentRunner.java:329)
	at org.junit.runners.ParentRunner.access$100(ParentRunner.java:66)
	at org.junit.runners.ParentRunner$2.evaluate(ParentRunner.java:293)
	at org.junit.runners.ParentRunner$3.evaluate(ParentRunner.java:306)
	at org.junit.runners.ParentRunner.run(ParentRunner.java:413)
	at io.cucumber.junit.FeatureRunner.run(FeatureRunner.java:137)
	at io.cucumber.junit.Cucumber.runChild(Cucumber.java:196)
	at io.cucumber.junit.Cucumber.runChild(Cucumber.java:89)
	at org.junit.runners.ParentRunner$4.run(ParentRunner.java:331)
	at org.junit.runners.ParentRunner$1.schedule(ParentRunner.java:79)
	at org.junit.runners.ParentRunner.runChildren(ParentRunner.java:329)
	at org.junit.runners.ParentRunner.access$100(ParentRunner.java:66)
	at org.junit.runners.ParentRunner$2.evaluate(ParentRunner.java:293)
	at io.cucumber.core.runtime.CucumberExecutionContext.lambda$runFeatures$6(CucumberExecutionContext.java:148)
	at io.cucumber.core.runtime.CucumberExecutionContext.execute(CucumberExecutionContext.java:163)
	at io.cucumber.core.runtime.CucumberExecutionContext.runFeatures(CucumberExecutionContext.java:146)
	at io.cucumber.junit.Cucumber$StartAndFinishTestRun.evaluate(Cucumber.java:226)
	at org.junit.runners.ParentRunner$3.evaluate(ParentRunner.java:306)
	at org.junit.runners.ParentRunner.run(ParentRunner.java:413)
	at org.eclipse.jdt.internal.junit4.runner.JUnit4TestReference.run(JUnit4TestReference.java:93)
	at org.eclipse.jdt.internal.junit.runner.TestExecution.run(TestExecution.java:40)
	at org.eclipse.jdt.internal.junit.runner.RemoteTestRunner.runTests(RemoteTestRunner.java:520)
	at org.eclipse.jdt.internal.junit.runner.RemoteTestRunner.runTests(RemoteTestRunner.java:748)
	at org.eclipse.jdt.internal.junit.runner.RemoteTestRunner.run(RemoteTestRunner.java:443)
	at org.eclipse.jdt.internal.junit.runner.RemoteTestRunner.main(RemoteTestRunner.java:211)
Caused by: java.lang.reflect.InvocationTargetException
	at java.base/jdk.internal.reflect.DirectConstructorHandleAccessor.newInstance(DirectConstructorHandleAccessor.java:74)
	at java.base/java.lang.reflect.Constructor.newInstanceWithCaller(Constructor.java:499)
	at java.base/java.lang.reflect.Constructor.newInstance(Constructor.java:483)
	at io.cucumber.core.backend.DefaultObjectFactory.cacheNewInstance(DefaultObjectFactory.java:53)
	... 45 more
Caused by: java.lang.Error: Unresolved compilation problems: 
	The import pages.ReactAppEdit cannot be resolved
	ReactAppEdit cannot be resolved to a type
	ReactAppEdit cannot be resolved to a type
	ReactAppEdit cannot be resolved to a type
	ReactAppEdit cannot be resolved to a type
	ReactAppEdit cannot be resolved to a type
	ReactAppEdit cannot be resolved to a type
	ReactAppEdit cannot be resolved to a type
	ReactAppEdit cannot be resolved to a type
	ReactAppEdit cannot be resolved to a type
	ReactAppEdit cannot be resolved to a type
	ReactAppEdit cannot be resolved to a type
	ReactAppEdit cannot be resolved to a type
	ReactAppEdit cannot be resolved to a type
	ReactAppEdit cannot be resolved to a type
	ReactAppEdit cannot be resolved to a type
	ReactAppEdit cannot be resolved to a type
	ReactAppEdit cannot be resolved to a type
	ReactAppEdit cannot be resolved to a type

	at stepdefinitions.ReactAppEditSteps.<init>(ReactAppEditSteps.java:9)
	at java.base/jdk.internal.reflect.DirectConstructorHandleAccessor.newInstance(DirectConstructorHandleAccessor.java:62)
	... 48 more
]]>
</failure>
<system-out><![CDATA[
Given user in on react app page.............................................failed
When user click on training summary.........................................skipped
Then verify user is on training records projectName, EmployeeName...........skipped
Then search for course "Java"...............................................skipped
Then delete all records of "Java" course....................................skipped
]]></system-out>
</testcase>
<testcase classname="Web_React_Create_Edit_And_Delete" name="filter by Start date and verify date with filter records" time="2.743">
<failure type="io.cucumber.core.exception.CucumberException" message="Failed to instantiate class stepdefinitions.ReactAppEditSteps">
<![CDATA[io.cucumber.core.exception.CucumberException: Failed to instantiate class stepdefinitions.ReactAppEditSteps
	at io.cucumber.core.backend.DefaultObjectFactory.cacheNewInstance(DefaultObjectFactory.java:67)
	at io.cucumber.core.backend.DefaultObjectFactory.getInstance(DefaultObjectFactory.java:45)
	at io.cucumber.java.AbstractGlueDefinition.invokeMethod(AbstractGlueDefinition.java:47)
	at io.cucumber.java.JavaStepDefinition.execute(JavaStepDefinition.java:29)
	at io.cucumber.core.runner.CoreStepDefinition.execute(CoreStepDefinition.java:66)
	at io.cucumber.core.runner.PickleStepDefinitionMatch.runStep(PickleStepDefinitionMatch.java:63)
	at io.cucumber.core.runner.ExecutionMode$1.execute(ExecutionMode.java:10)
	at io.cucumber.core.runner.TestStep.executeStep(TestStep.java:84)
	at io.cucumber.core.runner.TestStep.run(TestStep.java:56)
	at io.cucumber.core.runner.PickleStepTestStep.run(PickleStepTestStep.java:51)
	at io.cucumber.core.runner.TestCase.run(TestCase.java:84)
	at io.cucumber.core.runner.Runner.runPickle(Runner.java:75)
	at io.cucumber.junit.PickleRunners$NoStepDescriptions.lambda$run$0(PickleRunners.java:151)
	at io.cucumber.core.runtime.CucumberExecutionContext.lambda$runTestCase$5(CucumberExecutionContext.java:137)
	at io.cucumber.core.runtime.RethrowingThrowableCollector.executeAndThrow(RethrowingThrowableCollector.java:23)
	at io.cucumber.core.runtime.CucumberExecutionContext.runTestCase(CucumberExecutionContext.java:137)
	at io.cucumber.junit.PickleRunners$NoStepDescriptions.run(PickleRunners.java:148)
	at io.cucumber.junit.FeatureRunner.runChild(FeatureRunner.java:144)
	at io.cucumber.junit.FeatureRunner.runChild(FeatureRunner.java:28)
	at org.junit.runners.ParentRunner$4.run(ParentRunner.java:331)
	at org.junit.runners.ParentRunner$1.schedule(ParentRunner.java:79)
	at org.junit.runners.ParentRunner.runChildren(ParentRunner.java:329)
	at org.junit.runners.ParentRunner.access$100(ParentRunner.java:66)
	at org.junit.runners.ParentRunner$2.evaluate(ParentRunner.java:293)
	at org.junit.runners.ParentRunner$3.evaluate(ParentRunner.java:306)
	at org.junit.runners.ParentRunner.run(ParentRunner.java:413)
	at io.cucumber.junit.FeatureRunner.run(FeatureRunner.java:137)
	at io.cucumber.junit.Cucumber.runChild(Cucumber.java:196)
	at io.cucumber.junit.Cucumber.runChild(Cucumber.java:89)
	at org.junit.runners.ParentRunner$4.run(ParentRunner.java:331)
	at org.junit.runners.ParentRunner$1.schedule(ParentRunner.java:79)
	at org.junit.runners.ParentRunner.runChildren(ParentRunner.java:329)
	at org.junit.runners.ParentRunner.access$100(ParentRunner.java:66)
	at org.junit.runners.ParentRunner$2.evaluate(ParentRunner.java:293)
	at io.cucumber.core.runtime.CucumberExecutionContext.lambda$runFeatures$6(CucumberExecutionContext.java:148)
	at io.cucumber.core.runtime.CucumberExecutionContext.execute(CucumberExecutionContext.java:163)
	at io.cucumber.core.runtime.CucumberExecutionContext.runFeatures(CucumberExecutionContext.java:146)
	at io.cucumber.junit.Cucumber$StartAndFinishTestRun.evaluate(Cucumber.java:226)
	at org.junit.runners.ParentRunner$3.evaluate(ParentRunner.java:306)
	at org.junit.runners.ParentRunner.run(ParentRunner.java:413)
	at org.eclipse.jdt.internal.junit4.runner.JUnit4TestReference.run(JUnit4TestReference.java:93)
	at org.eclipse.jdt.internal.junit.runner.TestExecution.run(TestExecution.java:40)
	at org.eclipse.jdt.internal.junit.runner.RemoteTestRunner.runTests(RemoteTestRunner.java:520)
	at org.eclipse.jdt.internal.junit.runner.RemoteTestRunner.runTests(RemoteTestRunner.java:748)
	at org.eclipse.jdt.internal.junit.runner.RemoteTestRunner.run(RemoteTestRunner.java:443)
	at org.eclipse.jdt.internal.junit.runner.RemoteTestRunner.main(RemoteTestRunner.java:211)
Caused by: java.lang.reflect.InvocationTargetException
	at java.base/jdk.internal.reflect.DirectConstructorHandleAccessor.newInstance(DirectConstructorHandleAccessor.java:74)
	at java.base/java.lang.reflect.Constructor.newInstanceWithCaller(Constructor.java:499)
	at java.base/java.lang.reflect.Constructor.newInstance(Constructor.java:483)
	at io.cucumber.core.backend.DefaultObjectFactory.cacheNewInstance(DefaultObjectFactory.java:53)
	... 45 more
Caused by: java.lang.Error: Unresolved compilation problems: 
	The import pages.ReactAppEdit cannot be resolved
	ReactAppEdit cannot be resolved to a type
	ReactAppEdit cannot be resolved to a type
	ReactAppEdit cannot be resolved to a type
	ReactAppEdit cannot be resolved to a type
	ReactAppEdit cannot be resolved to a type
	ReactAppEdit cannot be resolved to a type
	ReactAppEdit cannot be resolved to a type
	ReactAppEdit cannot be resolved to a type
	ReactAppEdit cannot be resolved to a type
	ReactAppEdit cannot be resolved to a type
	ReactAppEdit cannot be resolved to a type
	ReactAppEdit cannot be resolved to a type
	ReactAppEdit cannot be resolved to a type
	ReactAppEdit cannot be resolved to a type
	ReactAppEdit cannot be resolved to a type
	ReactAppEdit cannot be resolved to a type
	ReactAppEdit cannot be resolved to a type
	ReactAppEdit cannot be resolved to a type

	at stepdefinitions.ReactAppEditSteps.<init>(ReactAppEditSteps.java:9)
	at java.base/jdk.internal.reflect.DirectConstructorHandleAccessor.newInstance(DirectConstructorHandleAccessor.java:62)
	... 48 more
]]>
</failure>
<system-out><![CDATA[
Given user in on react app page.............................................failed
When user click on training summary.........................................skipped
Then verify user is on training records projectName, EmployeeName...........skipped
And filter Start Date by "10062025".........................................skipped
Then verify filtered records have date "10062025"...........................skipped
]]></system-out>
</testcase>
</testsuite>
